<?xml version="1.0" encoding="UTF-8"?>
<testsuite xmlns:xsi="http://www.w3.org/2001/XMLSchema-instance" xsi:noNamespaceSchemaLocation="https://maven.apache.org/surefire/maven-surefire-plugin/xsd/surefire-test-report-3.0.xsd" version="3.0" name="com.nnk.springboot.BidTests" time="6.863" tests="4" errors="0" skipped="0" failures="0">
  <properties>
[...]
</properties>
  <testcase name="testUpdateBid" classname="com.nnk.springboot.BidTests" time="1.028">
    <system-out><![CDATA[09:51:27.757 [main] INFO org.springframework.test.context.support.AnnotationConfigContextLoaderUtils -- Could not detect default configuration classes for test class [com.nnk.springboot.BidTests]: BidTests does not declare any static, non-private, non-final, nested classes annotated with @Configuration.
09:51:27.951 [main] INFO org.springframework.boot.test.context.SpringBootTestContextBootstrapper -- Found @SpringBootConfiguration com.nnk.springboot.Application for test class com.nnk.springboot.BidTests

  .   ____          _            __ _ _
 /\\ / ___'_ __ _ _(_)_ __  __ _ \ \ \ \
( ( )\___ | '_ | '_| | '_ \/ _` | \ \ \ \
 \\/  ___)| |_)| | | | | || (_| |  ) ) ) )
  '  |____| .__|_| |_|_| |_\__, | / / / /
 =========|_|==============|___/=/_/_/_/
 :: Spring Boot ::                (v3.1.0)

2025-04-08T09:51:28.564+02:00  INFO 11148 --- [           main] com.nnk.springboot.BidTests              : Starting BidTests using Java 17.0.6 with PID 11148 (started by Admin in D:\Formation OpenClassrooms\projet 7\JavaDA_PROJECT7_RESTAPI-master\Poseiden-skeleton)
2025-04-08T09:51:28.566+02:00  INFO 11148 --- [           main] com.nnk.springboot.BidTests              : No active profile set, falling back to 1 default profile: "default"
2025-04-08T09:51:29.109+02:00  INFO 11148 --- [           main] .s.d.r.c.RepositoryConfigurationDelegate : Bootstrapping Spring Data JPA repositories in DEFAULT mode.
2025-04-08T09:51:29.231+02:00  INFO 11148 --- [           main] .s.d.r.c.RepositoryConfigurationDelegate : Finished Spring Data repository scanning in 111 ms. Found 6 JPA repository interfaces.
2025-04-08T09:51:29.320+02:00  INFO 11148 --- [           main] beddedDataSourceBeanFactoryPostProcessor : Replacing 'dataSource' DataSource bean with embedded version
2025-04-08T09:51:29.615+02:00  INFO 11148 --- [           main] o.s.j.d.e.EmbeddedDatabaseFactory        : Starting embedded database: url='jdbc:h2:mem:0b12635a-a5c7-4a07-8807-0b7e7222f3bd;DB_CLOSE_DELAY=-1;DB_CLOSE_ON_EXIT=false', username='sa'
2025-04-08T09:51:30.110+02:00  INFO 11148 --- [           main] o.hibernate.jpa.internal.util.LogHelper  : HHH000204: Processing PersistenceUnitInfo [name: default]
2025-04-08T09:51:30.201+02:00  INFO 11148 --- [           main] org.hibernate.Version                    : HHH000412: Hibernate ORM core version 6.2.2.Final
2025-04-08T09:51:30.205+02:00  INFO 11148 --- [           main] org.hibernate.cfg.Environment            : HHH000406: Using bytecode reflection optimizer
2025-04-08T09:51:30.440+02:00  INFO 11148 --- [           main] o.h.b.i.BytecodeProviderInitiator        : HHH000021: Bytecode provider name : bytebuddy
2025-04-08T09:51:30.653+02:00  INFO 11148 --- [           main] o.s.o.j.p.SpringPersistenceUnitInfo      : No LoadTimeWeaver setup: ignoring JPA class transformer
2025-04-08T09:51:30.751+02:00  INFO 11148 --- [           main] org.hibernate.orm.dialect                : HHH035001: Using dialect: org.hibernate.dialect.H2Dialect, version: 2.1.214
2025-04-08T09:51:31.101+02:00  INFO 11148 --- [           main] o.h.b.i.BytecodeProviderInitiator        : HHH000021: Bytecode provider name : bytebuddy
2025-04-08T09:51:32.341+02:00  INFO 11148 --- [           main] o.h.e.t.j.p.i.JtaPlatformInitiator       : HHH000490: Using JtaPlatform implementation: [org.hibernate.engine.transaction.jta.platform.internal.NoJtaPlatform]
2025-04-08T09:51:32.425+02:00 DEBUG 11148 --- [           main] org.hibernate.SQL                        : 
    create table bidlist (
        BidListId integer generated by default as identity,
        account varchar(255),
        ask float(53) not null,
        askQuantity float(53) not null,
        benchmark varchar(255),
        bid float(53) not null,
        bidListDate timestamp(6),
        bidQuantity float(53) not null,
        book varchar(255),
        commentary varchar(255),
        creationDate timestamp(6),
        creationName varchar(255),
        dealName varchar(255),
        dealType varchar(255),
        revisionDate timestamp(6),
        revisionName varchar(255),
        security varchar(255),
        side varchar(255),
        sourceListId varchar(255),
        status varchar(255),
        trader varchar(255),
        type varchar(255),
        primary key (BidListId)
    )
Hibernate: 
    create table bidlist (
        BidListId integer generated by default as identity,
        account varchar(255),
        ask float(53) not null,
        askQuantity float(53) not null,
        benchmark varchar(255),
        bid float(53) not null,
        bidListDate timestamp(6),
        bidQuantity float(53) not null,
        book varchar(255),
        commentary varchar(255),
        creationDate timestamp(6),
        creationName varchar(255),
        dealName varchar(255),
        dealType varchar(255),
        revisionDate timestamp(6),
        revisionName varchar(255),
        security varchar(255),
        side varchar(255),
        sourceListId varchar(255),
        status varchar(255),
        trader varchar(255),
        type varchar(255),
        primary key (BidListId)
    )
2025-04-08T09:51:32.439+02:00 DEBUG 11148 --- [           main] org.hibernate.SQL                        : 
    create table curvepoint (
        id integer generated by default as identity,
        as_of_date timestamp(6),
        creation_date timestamp(6),
        curve_id integer not null,
        term float(53) not null,
        value float(53) not null,
        primary key (id)
    )
Hibernate: 
    create table curvepoint (
        id integer generated by default as identity,
        as_of_date timestamp(6),
        creation_date timestamp(6),
        curve_id integer not null,
        term float(53) not null,
        value float(53) not null,
        primary key (id)
    )
2025-04-08T09:51:32.443+02:00  WARN 11148 --- [           main] o.h.t.s.i.ExceptionHandlerLoggedImpl     : GenerationTarget encountered exception accepting command : Error executing DDL "
    create table curvepoint (
        id integer generated by default as identity,
        as_of_date timestamp(6),
        creation_date timestamp(6),
        curve_id integer not null,
        term float(53) not null,
        value float(53) not null,
        primary key (id)
    )" via JDBC [Erreur de syntaxe dans l'instruction SQL "\000d\000a    create table curvepoint (\000d\000a        id integer generated by default as identity,\000d\000a        as_of_date timestamp(6),\000d\000a        creation_date timestamp(6),\000d\000a        curve_id integer not null,\000d\000a        term float(53) not null,\000d\000a        [*]value float(53) not null,\000d\000a        primary key (id)\000d\000a    )"; attendu "identifier"
Syntax error in SQL statement "\000d\000a    create table curvepoint (\000d\000a        id integer generated by default as identity,\000d\000a        as_of_date timestamp(6),\000d\000a        creation_date timestamp(6),\000d\000a        curve_id integer not null,\000d\000a        term float(53) not null,\000d\000a        [*]value float(53) not null,\000d\000a        primary key (id)\000d\000a    )"; expected "identifier";]

org.hibernate.tool.schema.spi.CommandAcceptanceException: Error executing DDL "
    create table curvepoint (
        id integer generated by default as identity,
        as_of_date timestamp(6),
        creation_date timestamp(6),
        curve_id integer not null,
        term float(53) not null,
        value float(53) not null,
        primary key (id)
    )" via JDBC [Erreur de syntaxe dans l'instruction SQL "\000d\000a    create table curvepoint (\000d\000a        id integer generated by default as identity,\000d\000a        as_of_date timestamp(6),\000d\000a        creation_date timestamp(6),\000d\000a        curve_id integer not null,\000d\000a        term float(53) not null,\000d\000a        [*]value float(53) not null,\000d\000a        primary key (id)\000d\000a    )"; attendu "identifier"
Syntax error in SQL statement "\000d\000a    create table curvepoint (\000d\000a        id integer generated by default as identity,\000d\000a        as_of_date timestamp(6),\000d\000a        creation_date timestamp(6),\000d\000a        curve_id integer not null,\000d\000a        term float(53) not null,\000d\000a        [*]value float(53) not null,\000d\000a        primary key (id)\000d\000a    )"; expected "identifier";]
	at org.hibernate.tool.schema.internal.exec.GenerationTargetToDatabase.accept(GenerationTargetToDatabase.java:92) ~[hibernate-core-6.2.2.Final.jar:6.2.2.Final]
	at org.hibernate.tool.schema.internal.AbstractSchemaMigrator.applySqlString(AbstractSchemaMigrator.java:574) ~[hibernate-core-6.2.2.Final.jar:6.2.2.Final]
	at org.hibernate.tool.schema.internal.AbstractSchemaMigrator.applySqlStrings(AbstractSchemaMigrator.java:514) ~[hibernate-core-6.2.2.Final.jar:6.2.2.Final]
	at org.hibernate.tool.schema.internal.AbstractSchemaMigrator.createTable(AbstractSchemaMigrator.java:315) ~[hibernate-core-6.2.2.Final.jar:6.2.2.Final]
	at org.hibernate.tool.schema.internal.GroupedSchemaMigratorImpl.performTablesMigration(GroupedSchemaMigratorImpl.java:80) ~[hibernate-core-6.2.2.Final.jar:6.2.2.Final]
	at org.hibernate.tool.schema.internal.AbstractSchemaMigrator.performMigration(AbstractSchemaMigrator.java:232) ~[hibernate-core-6.2.2.Final.jar:6.2.2.Final]
	at org.hibernate.tool.schema.internal.AbstractSchemaMigrator.doMigration(AbstractSchemaMigrator.java:117) ~[hibernate-core-6.2.2.Final.jar:6.2.2.Final]
	at org.hibernate.tool.schema.spi.SchemaManagementToolCoordinator.performDatabaseAction(SchemaManagementToolCoordinator.java:284) ~[hibernate-core-6.2.2.Final.jar:6.2.2.Final]
	at org.hibernate.tool.schema.spi.SchemaManagementToolCoordinator.lambda$process$5(SchemaManagementToolCoordinator.java:143) ~[hibernate-core-6.2.2.Final.jar:6.2.2.Final]
	at java.base/java.util.HashMap.forEach(HashMap.java:1421) ~[na:na]
	at org.hibernate.tool.schema.spi.SchemaManagementToolCoordinator.process(SchemaManagementToolCoordinator.java:140) ~[hibernate-core-6.2.2.Final.jar:6.2.2.Final]
	at org.hibernate.boot.internal.SessionFactoryObserverForSchemaExport.sessionFactoryCreated(SessionFactoryObserverForSchemaExport.java:37) ~[hibernate-core-6.2.2.Final.jar:6.2.2.Final]
	at org.hibernate.internal.SessionFactoryObserverChain.sessionFactoryCreated(SessionFactoryObserverChain.java:35) ~[hibernate-core-6.2.2.Final.jar:6.2.2.Final]
	at org.hibernate.internal.SessionFactoryImpl.<init>(SessionFactoryImpl.java:291) ~[hibernate-core-6.2.2.Final.jar:6.2.2.Final]
	at org.hibernate.boot.internal.SessionFactoryBuilderImpl.build(SessionFactoryBuilderImpl.java:431) ~[hibernate-core-6.2.2.Final.jar:6.2.2.Final]
	at org.hibernate.jpa.boot.internal.EntityManagerFactoryBuilderImpl.build(EntityManagerFactoryBuilderImpl.java:1455) ~[hibernate-core-6.2.2.Final.jar:6.2.2.Final]
	at org.springframework.orm.jpa.vendor.SpringHibernateJpaPersistenceProvider.createContainerEntityManagerFactory(SpringHibernateJpaPersistenceProvider.java:66) ~[spring-orm-6.0.9.jar:6.0.9]
	at org.springframework.orm.jpa.LocalContainerEntityManagerFactoryBean.createNativeEntityManagerFactory(LocalContainerEntityManagerFactoryBean.java:376) ~[spring-orm-6.0.9.jar:6.0.9]
	at org.springframework.orm.jpa.AbstractEntityManagerFactoryBean.buildNativeEntityManagerFactory(AbstractEntityManagerFactoryBean.java:409) ~[spring-orm-6.0.9.jar:6.0.9]
	at org.springframework.orm.jpa.AbstractEntityManagerFactoryBean.afterPropertiesSet(AbstractEntityManagerFactoryBean.java:396) ~[spring-orm-6.0.9.jar:6.0.9]
	at org.springframework.orm.jpa.LocalContainerEntityManagerFactoryBean.afterPropertiesSet(LocalContainerEntityManagerFactoryBean.java:352) ~[spring-orm-6.0.9.jar:6.0.9]
	at org.springframework.beans.factory.support.AbstractAutowireCapableBeanFactory.invokeInitMethods(AbstractAutowireCapableBeanFactory.java:1816) ~[spring-beans-6.0.9.jar:6.0.9]
	at org.springframework.beans.factory.support.AbstractAutowireCapableBeanFactory.initializeBean(AbstractAutowireCapableBeanFactory.java:1766) ~[spring-beans-6.0.9.jar:6.0.9]
	at org.springframework.beans.factory.support.AbstractAutowireCapableBeanFactory.doCreateBean(AbstractAutowireCapableBeanFactory.java:598) ~[spring-beans-6.0.9.jar:6.0.9]
	at org.springframework.beans.factory.support.AbstractAutowireCapableBeanFactory.createBean(AbstractAutowireCapableBeanFactory.java:520) ~[spring-beans-6.0.9.jar:6.0.9]
	at org.springframework.beans.factory.support.AbstractBeanFactory.lambda$doGetBean$0(AbstractBeanFactory.java:326) ~[spring-beans-6.0.9.jar:6.0.9]
	at org.springframework.beans.factory.support.DefaultSingletonBeanRegistry.getSingleton(DefaultSingletonBeanRegistry.java:234) ~[spring-beans-6.0.9.jar:6.0.9]
	at org.springframework.beans.factory.support.AbstractBeanFactory.doGetBean(AbstractBeanFactory.java:324) ~[spring-beans-6.0.9.jar:6.0.9]
	at org.springframework.beans.factory.support.AbstractBeanFactory.getBean(AbstractBeanFactory.java:200) ~[spring-beans-6.0.9.jar:6.0.9]
	at org.springframework.context.support.AbstractApplicationContext.getBean(AbstractApplicationContext.java:1156) ~[spring-context-6.0.9.jar:6.0.9]
	at org.springframework.context.support.AbstractApplicationContext.finishBeanFactoryInitialization(AbstractApplicationContext.java:931) ~[spring-context-6.0.9.jar:6.0.9]
	at org.springframework.context.support.AbstractApplicationContext.refresh(AbstractApplicationContext.java:608) ~[spring-context-6.0.9.jar:6.0.9]
	at org.springframework.boot.SpringApplication.refresh(SpringApplication.java:733) ~[spring-boot-3.1.0.jar:3.1.0]
	at org.springframework.boot.SpringApplication.refreshContext(SpringApplication.java:435) ~[spring-boot-3.1.0.jar:3.1.0]
	at org.springframework.boot.SpringApplication.run(SpringApplication.java:311) ~[spring-boot-3.1.0.jar:3.1.0]
	at org.springframework.boot.test.context.SpringBootContextLoader.lambda$loadContext$3(SpringBootContextLoader.java:137) ~[spring-boot-test-3.1.0.jar:3.1.0]
	at org.springframework.util.function.ThrowingSupplier.get(ThrowingSupplier.java:58) ~[spring-core-6.0.9.jar:6.0.9]
	at org.springframework.util.function.ThrowingSupplier.get(ThrowingSupplier.java:46) ~[spring-core-6.0.9.jar:6.0.9]
	at org.springframework.boot.SpringApplication.withHook(SpringApplication.java:1405) ~[spring-boot-3.1.0.jar:3.1.0]
	at org.springframework.boot.test.context.SpringBootContextLoader$ContextLoaderHook.run(SpringBootContextLoader.java:545) ~[spring-boot-test-3.1.0.jar:3.1.0]
	at org.springframework.boot.test.context.SpringBootContextLoader.loadContext(SpringBootContextLoader.java:137) ~[spring-boot-test-3.1.0.jar:3.1.0]
	at org.springframework.boot.test.context.SpringBootContextLoader.loadContext(SpringBootContextLoader.java:108) ~[spring-boot-test-3.1.0.jar:3.1.0]
	at org.springframework.test.context.cache.DefaultCacheAwareContextLoaderDelegate.loadContextInternal(DefaultCacheAwareContextLoaderDelegate.java:184) ~[spring-test-6.0.9.jar:6.0.9]
	at org.springframework.test.context.cache.DefaultCacheAwareContextLoaderDelegate.loadContext(DefaultCacheAwareContextLoaderDelegate.java:118) ~[spring-test-6.0.9.jar:6.0.9]
	at org.springframework.test.context.support.DefaultTestContext.getApplicationContext(DefaultTestContext.java:127) ~[spring-test-6.0.9.jar:6.0.9]
	at org.springframework.test.context.support.DependencyInjectionTestExecutionListener.injectDependencies(DependencyInjectionTestExecutionListener.java:141) ~[spring-test-6.0.9.jar:6.0.9]
	at org.springframework.test.context.support.DependencyInjectionTestExecutionListener.prepareTestInstance(DependencyInjectionTestExecutionListener.java:97) ~[spring-test-6.0.9.jar:6.0.9]
	at org.springframework.test.context.TestContextManager.prepareTestInstance(TestContextManager.java:241) ~[spring-test-6.0.9.jar:6.0.9]
	at org.springframework.test.context.junit.jupiter.SpringExtension.postProcessTestInstance(SpringExtension.java:138) ~[spring-test-6.0.9.jar:6.0.9]
	at org.junit.jupiter.engine.descriptor.ClassBasedTestDescriptor.lambda$invokeTestInstancePostProcessors$10(ClassBasedTestDescriptor.java:377) ~[junit-jupiter-engine-5.9.3.jar:5.9.3]
	at org.junit.jupiter.engine.descriptor.ClassBasedTestDescriptor.executeAndMaskThrowable(ClassBasedTestDescriptor.java:382) ~[junit-jupiter-engine-5.9.3.jar:5.9.3]
	at org.junit.jupiter.engine.descriptor.ClassBasedTestDescriptor.lambda$invokeTestInstancePostProcessors$11(ClassBasedTestDescriptor.java:377) ~[junit-jupiter-engine-5.9.3.jar:5.9.3]
	at java.base/java.util.stream.ReferencePipeline$3$1.accept(ReferencePipeline.java:197) ~[na:na]
	at java.base/java.util.stream.ReferencePipeline$2$1.accept(ReferencePipeline.java:179) ~[na:na]
	at java.base/java.util.ArrayList$ArrayListSpliterator.forEachRemaining(ArrayList.java:1625) ~[na:na]
	at java.base/java.util.stream.AbstractPipeline.copyInto(AbstractPipeline.java:509) ~[na:na]
	at java.base/java.util.stream.AbstractPipeline.wrapAndCopyInto(AbstractPipeline.java:499) ~[na:na]
	at java.base/java.util.stream.StreamSpliterators$WrappingSpliterator.forEachRemaining(StreamSpliterators.java:310) ~[na:na]
	at java.base/java.util.stream.Streams$ConcatSpliterator.forEachRemaining(Streams.java:735) ~[na:na]
	at java.base/java.util.stream.Streams$ConcatSpliterator.forEachRemaining(Streams.java:734) ~[na:na]
	at java.base/java.util.stream.ReferencePipeline$Head.forEach(ReferencePipeline.java:762) ~[na:na]
	at org.junit.jupiter.engine.descriptor.ClassBasedTestDescriptor.invokeTestInstancePostProcessors(ClassBasedTestDescriptor.java:376) ~[junit-jupiter-engine-5.9.3.jar:5.9.3]
	at org.junit.jupiter.engine.descriptor.ClassBasedTestDescriptor.lambda$instantiateAndPostProcessTestInstance$6(ClassBasedTestDescriptor.java:289) ~[junit-jupiter-engine-5.9.3.jar:5.9.3]
	at org.junit.platform.engine.support.hierarchical.ThrowableCollector.execute(ThrowableCollector.java:73) ~[junit-platform-engine-1.9.3.jar:1.9.3]
	at org.junit.jupiter.engine.descriptor.ClassBasedTestDescriptor.instantiateAndPostProcessTestInstance(ClassBasedTestDescriptor.java:288) ~[junit-jupiter-engine-5.9.3.jar:5.9.3]
	at org.junit.jupiter.engine.descriptor.ClassBasedTestDescriptor.lambda$testInstancesProvider$4(ClassBasedTestDescriptor.java:278) ~[junit-jupiter-engine-5.9.3.jar:5.9.3]
	at java.base/java.util.Optional.orElseGet(Optional.java:364) ~[na:na]
	at org.junit.jupiter.engine.descriptor.ClassBasedTestDescriptor.lambda$testInstancesProvider$5(ClassBasedTestDescriptor.java:277) ~[junit-jupiter-engine-5.9.3.jar:5.9.3]
	at org.junit.jupiter.engine.execution.TestInstancesProvider.getTestInstances(TestInstancesProvider.java:31) ~[junit-jupiter-engine-5.9.3.jar:5.9.3]
	at org.junit.jupiter.engine.descriptor.TestMethodTestDescriptor.lambda$prepare$0(TestMethodTestDescriptor.java:105) ~[junit-jupiter-engine-5.9.3.jar:5.9.3]
	at org.junit.platform.engine.support.hierarchical.ThrowableCollector.execute(ThrowableCollector.java:73) ~[junit-platform-engine-1.9.3.jar:1.9.3]
	at org.junit.jupiter.engine.descriptor.TestMethodTestDescriptor.prepare(TestMethodTestDescriptor.java:104) ~[junit-jupiter-engine-5.9.3.jar:5.9.3]
	at org.junit.jupiter.engine.descriptor.TestMethodTestDescriptor.prepare(TestMethodTestDescriptor.java:68) ~[junit-jupiter-engine-5.9.3.jar:5.9.3]
	at org.junit.platform.engine.support.hierarchical.NodeTestTask.lambda$prepare$2(NodeTestTask.java:123) ~[junit-platform-engine-1.9.3.jar:1.9.3]
	at org.junit.platform.engine.support.hierarchical.ThrowableCollector.execute(ThrowableCollector.java:73) ~[junit-platform-engine-1.9.3.jar:1.9.3]
	at org.junit.platform.engine.support.hierarchical.NodeTestTask.prepare(NodeTestTask.java:123) ~[junit-platform-engine-1.9.3.jar:1.9.3]
	at org.junit.platform.engine.support.hierarchical.NodeTestTask.execute(NodeTestTask.java:90) ~[junit-platform-engine-1.9.3.jar:1.9.3]
	at java.base/java.util.ArrayList.forEach(ArrayList.java:1511) ~[na:na]
	at org.junit.platform.engine.support.hierarchical.SameThreadHierarchicalTestExecutorService.invokeAll(SameThreadHierarchicalTestExecutorService.java:41) ~[junit-platform-engine-1.9.3.jar:1.9.3]
	at org.junit.platform.engine.support.hierarchical.NodeTestTask.lambda$executeRecursively$6(NodeTestTask.java:155) ~[junit-platform-engine-1.9.3.jar:1.9.3]
	at org.junit.platform.engine.support.hierarchical.ThrowableCollector.execute(ThrowableCollector.java:73) ~[junit-platform-engine-1.9.3.jar:1.9.3]
	at org.junit.platform.engine.support.hierarchical.NodeTestTask.lambda$executeRecursively$8(NodeTestTask.java:141) ~[junit-platform-engine-1.9.3.jar:1.9.3]
	at org.junit.platform.engine.support.hierarchical.Node.around(Node.java:137) ~[junit-platform-engine-1.9.3.jar:1.9.3]
	at org.junit.platform.engine.support.hierarchical.NodeTestTask.lambda$executeRecursively$9(NodeTestTask.java:139) ~[junit-platform-engine-1.9.3.jar:1.9.3]
	at org.junit.platform.engine.support.hierarchical.ThrowableCollector.execute(ThrowableCollector.java:73) ~[junit-platform-engine-1.9.3.jar:1.9.3]
	at org.junit.platform.engine.support.hierarchical.NodeTestTask.executeRecursively(NodeTestTask.java:138) ~[junit-platform-engine-1.9.3.jar:1.9.3]
	at org.junit.platform.engine.support.hierarchical.NodeTestTask.execute(NodeTestTask.java:95) ~[junit-platform-engine-1.9.3.jar:1.9.3]
	at java.base/java.util.ArrayList.forEach(ArrayList.java:1511) ~[na:na]
	at org.junit.platform.engine.support.hierarchical.SameThreadHierarchicalTestExecutorService.invokeAll(SameThreadHierarchicalTestExecutorService.java:41) ~[junit-platform-engine-1.9.3.jar:1.9.3]
	at org.junit.platform.engine.support.hierarchical.NodeTestTask.lambda$executeRecursively$6(NodeTestTask.java:155) ~[junit-platform-engine-1.9.3.jar:1.9.3]
	at org.junit.platform.engine.support.hierarchical.ThrowableCollector.execute(ThrowableCollector.java:73) ~[junit-platform-engine-1.9.3.jar:1.9.3]
	at org.junit.platform.engine.support.hierarchical.NodeTestTask.lambda$executeRecursively$8(NodeTestTask.java:141) ~[junit-platform-engine-1.9.3.jar:1.9.3]
	at org.junit.platform.engine.support.hierarchical.Node.around(Node.java:137) ~[junit-platform-engine-1.9.3.jar:1.9.3]
	at org.junit.platform.engine.support.hierarchical.NodeTestTask.lambda$executeRecursively$9(NodeTestTask.java:139) ~[junit-platform-engine-1.9.3.jar:1.9.3]
	at org.junit.platform.engine.support.hierarchical.ThrowableCollector.execute(ThrowableCollector.java:73) ~[junit-platform-engine-1.9.3.jar:1.9.3]
	at org.junit.platform.engine.support.hierarchical.NodeTestTask.executeRecursively(NodeTestTask.java:138) ~[junit-platform-engine-1.9.3.jar:1.9.3]
	at org.junit.platform.engine.support.hierarchical.NodeTestTask.execute(NodeTestTask.java:95) ~[junit-platform-engine-1.9.3.jar:1.9.3]
	at org.junit.platform.engine.support.hierarchical.SameThreadHierarchicalTestExecutorService.submit(SameThreadHierarchicalTestExecutorService.java:35) ~[junit-platform-engine-1.9.3.jar:1.9.3]
	at org.junit.platform.engine.support.hierarchical.HierarchicalTestExecutor.execute(HierarchicalTestExecutor.java:57) ~[junit-platform-engine-1.9.3.jar:1.9.3]
	at org.junit.platform.engine.support.hierarchical.HierarchicalTestEngine.execute(HierarchicalTestEngine.java:54) ~[junit-platform-engine-1.9.3.jar:1.9.3]
	at org.junit.platform.launcher.core.EngineExecutionOrchestrator.execute(EngineExecutionOrchestrator.java:147) ~[junit-platform-launcher-1.9.3.jar:1.9.3]
	at org.junit.platform.launcher.core.EngineExecutionOrchestrator.execute(EngineExecutionOrchestrator.java:127) ~[junit-platform-launcher-1.9.3.jar:1.9.3]
	at org.junit.platform.launcher.core.EngineExecutionOrchestrator.execute(EngineExecutionOrchestrator.java:90) ~[junit-platform-launcher-1.9.3.jar:1.9.3]
	at org.junit.platform.launcher.core.EngineExecutionOrchestrator.lambda$execute$0(EngineExecutionOrchestrator.java:55) ~[junit-platform-launcher-1.9.3.jar:1.9.3]
	at org.junit.platform.launcher.core.EngineExecutionOrchestrator.withInterceptedStreams(EngineExecutionOrchestrator.java:102) ~[junit-platform-launcher-1.9.3.jar:1.9.3]
	at org.junit.platform.launcher.core.EngineExecutionOrchestrator.execute(EngineExecutionOrchestrator.java:54) ~[junit-platform-launcher-1.9.3.jar:1.9.3]
	at org.junit.platform.launcher.core.DefaultLauncher.execute(DefaultLauncher.java:114) ~[junit-platform-launcher-1.9.3.jar:1.9.3]
	at org.junit.platform.launcher.core.DefaultLauncher.execute(DefaultLauncher.java:86) ~[junit-platform-launcher-1.9.3.jar:1.9.3]
	at org.junit.platform.launcher.core.DefaultLauncherSession$DelegatingLauncher.execute(DefaultLauncherSession.java:86) ~[junit-platform-launcher-1.9.3.jar:1.9.3]
	at org.apache.maven.surefire.junitplatform.LazyLauncher.execute(LazyLauncher.java:50) ~[surefire-junit-platform-3.0.0.jar:3.0.0]
	at org.apache.maven.surefire.junitplatform.JUnitPlatformProvider.execute(JUnitPlatformProvider.java:184) ~[surefire-junit-platform-3.0.0.jar:3.0.0]
	at org.apache.maven.surefire.junitplatform.JUnitPlatformProvider.invokeAllTests(JUnitPlatformProvider.java:148) ~[surefire-junit-platform-3.0.0.jar:3.0.0]
	at org.apache.maven.surefire.junitplatform.JUnitPlatformProvider.invoke(JUnitPlatformProvider.java:122) ~[surefire-junit-platform-3.0.0.jar:3.0.0]
	at org.apache.maven.surefire.booter.ForkedBooter.runSuitesInProcess(ForkedBooter.java:385) ~[surefire-booter-3.0.0.jar:3.0.0]
	at org.apache.maven.surefire.booter.ForkedBooter.execute(ForkedBooter.java:162) ~[surefire-booter-3.0.0.jar:3.0.0]
	at org.apache.maven.surefire.booter.ForkedBooter.run(ForkedBooter.java:507) ~[surefire-booter-3.0.0.jar:3.0.0]
	at org.apache.maven.surefire.booter.ForkedBooter.main(ForkedBooter.java:495) ~[surefire-booter-3.0.0.jar:3.0.0]
Caused by: org.h2.jdbc.JdbcSQLSyntaxErrorException: Erreur de syntaxe dans l'instruction SQL "\000d\000a    create table curvepoint (\000d\000a        id integer generated by default as identity,\000d\000a        as_of_date timestamp(6),\000d\000a        creation_date timestamp(6),\000d\000a        curve_id integer not null,\000d\000a        term float(53) not null,\000d\000a        [*]value float(53) not null,\000d\000a        primary key (id)\000d\000a    )"; attendu "identifier"
Syntax error in SQL statement "\000d\000a    create table curvepoint (\000d\000a        id integer generated by default as identity,\000d\000a        as_of_date timestamp(6),\000d\000a        creation_date timestamp(6),\000d\000a        curve_id integer not null,\000d\000a        term float(53) not null,\000d\000a        [*]value float(53) not null,\000d\000a        primary key (id)\000d\000a    )"; expected "identifier"; SQL statement:

    create table curvepoint (
        id integer generated by default as identity,
        as_of_date timestamp(6),
        creation_date timestamp(6),
        curve_id integer not null,
        term float(53) not null,
        value float(53) not null,
        primary key (id)
    ) [42001-214]
	at org.h2.message.DbException.getJdbcSQLException(DbException.java:502) ~[h2-2.1.214.jar:2.1.214]
	at org.h2.message.DbException.getJdbcSQLException(DbException.java:477) ~[h2-2.1.214.jar:2.1.214]
	at org.h2.message.DbException.getSyntaxError(DbException.java:261) ~[h2-2.1.214.jar:2.1.214]
	at org.h2.command.Parser.readIdentifier(Parser.java:5656) ~[h2-2.1.214.jar:2.1.214]
	at org.h2.command.Parser.parseTableColumnDefinition(Parser.java:9326) ~[h2-2.1.214.jar:2.1.214]
	at org.h2.command.Parser.parseCreateTable(Parser.java:9271) ~[h2-2.1.214.jar:2.1.214]
	at org.h2.command.Parser.parseCreate(Parser.java:6784) ~[h2-2.1.214.jar:2.1.214]
	at org.h2.command.Parser.parsePrepared(Parser.java:763) ~[h2-2.1.214.jar:2.1.214]
	at org.h2.command.Parser.parse(Parser.java:689) ~[h2-2.1.214.jar:2.1.214]
	at org.h2.command.Parser.parse(Parser.java:661) ~[h2-2.1.214.jar:2.1.214]
	at org.h2.command.Parser.prepareCommand(Parser.java:569) ~[h2-2.1.214.jar:2.1.214]
	at org.h2.engine.SessionLocal.prepareLocal(SessionLocal.java:631) ~[h2-2.1.214.jar:2.1.214]
	at org.h2.engine.SessionLocal.prepareCommand(SessionLocal.java:554) ~[h2-2.1.214.jar:2.1.214]
	at org.h2.jdbc.JdbcConnection.prepareCommand(JdbcConnection.java:1116) ~[h2-2.1.214.jar:2.1.214]
	at org.h2.jdbc.JdbcStatement.executeInternal(JdbcStatement.java:237) ~[h2-2.1.214.jar:2.1.214]
	at org.h2.jdbc.JdbcStatement.execute(JdbcStatement.java:223) ~[h2-2.1.214.jar:2.1.214]
	at org.hibernate.tool.schema.internal.exec.GenerationTargetToDatabase.accept(GenerationTargetToDatabase.java:78) ~[hibernate-core-6.2.2.Final.jar:6.2.2.Final]
	... 116 common frames omitted

2025-04-08T09:51:32.454+02:00 DEBUG 11148 --- [           main] org.hibernate.SQL                        : 
    create table rating (
        id integer generated by default as identity,
        fitchRating varchar(255),
        moodysRating varchar(255),
        orderNumber integer not null,
        sandPRating varchar(255),
        primary key (id)
    )
Hibernate: 
    create table rating (
        id integer generated by default as identity,
        fitchRating varchar(255),
        moodysRating varchar(255),
        orderNumber integer not null,
        sandPRating varchar(255),
        primary key (id)
    )
2025-04-08T09:51:32.456+02:00 DEBUG 11148 --- [           main] org.hibernate.SQL                        : 
    create table rulename (
        id integer generated by default as identity,
        description varchar(255),
        json varchar(255),
        name varchar(255),
        sqlPart varchar(255),
        sqlStr varchar(255),
        template varchar(255),
        primary key (id)
    )
Hibernate: 
    create table rulename (
        id integer generated by default as identity,
        description varchar(255),
        json varchar(255),
        name varchar(255),
        sqlPart varchar(255),
        sqlStr varchar(255),
        template varchar(255),
        primary key (id)
    )
2025-04-08T09:51:32.458+02:00 DEBUG 11148 --- [           main] org.hibernate.SQL                        : 
    create table trade (
        tradeId integer generated by default as identity,
        account varchar(255),
        benchmark varchar(255),
        book varchar(255),
        buyPrice float(53) not null,
        buyQuantity float(53) not null,
        creationDate timestamp(6),
        creationName varchar(255),
        dealName varchar(255),
        dealType varchar(255),
        revisionDate timestamp(6),
        revisionName varchar(255),
        security varchar(255),
        sellPrice float(53) not null,
        sellQuantity float(53) not null,
        side varchar(255),
        sourceListId varchar(255),
        status varchar(255),
        tradeDate timestamp(6),
        trader varchar(255),
        type varchar(255),
        primary key (tradeId)
    )
Hibernate: 
    create table trade (
        tradeId integer generated by default as identity,
        account varchar(255),
        benchmark varchar(255),
        book varchar(255),
        buyPrice float(53) not null,
        buyQuantity float(53) not null,
        creationDate timestamp(6),
        creationName varchar(255),
        dealName varchar(255),
        dealType varchar(255),
        revisionDate timestamp(6),
        revisionName varchar(255),
        security varchar(255),
        sellPrice float(53) not null,
        sellQuantity float(53) not null,
        side varchar(255),
        sourceListId varchar(255),
        status varchar(255),
        tradeDate timestamp(6),
        trader varchar(255),
        type varchar(255),
        primary key (tradeId)
    )
2025-04-08T09:51:32.465+02:00 DEBUG 11148 --- [           main] org.hibernate.SQL                        : 
    create table users (
        id integer generated by default as identity,
        fullname varchar(255),
        password varchar(255),
        role varchar(255),
        username varchar(191),
        primary key (id)
    )
Hibernate: 
    create table users (
        id integer generated by default as identity,
        fullname varchar(255),
        password varchar(255),
        role varchar(255),
        username varchar(191),
        primary key (id)
    )
2025-04-08T09:51:32.469+02:00 DEBUG 11148 --- [           main] org.hibernate.SQL                        : 
    alter table if exists users 
       drop constraint if exists UK_r43af9ap4edm43mmtq01oddj6
Hibernate: 
    alter table if exists users 
       drop constraint if exists UK_r43af9ap4edm43mmtq01oddj6
2025-04-08T09:51:32.471+02:00 DEBUG 11148 --- [           main] org.hibernate.SQL                        : 
    alter table if exists users 
       add constraint UK_r43af9ap4edm43mmtq01oddj6 unique (username)
Hibernate: 
    alter table if exists users 
       add constraint UK_r43af9ap4edm43mmtq01oddj6 unique (username)
2025-04-08T09:51:32.476+02:00  INFO 11148 --- [           main] j.LocalContainerEntityManagerFactoryBean : Initialized JPA EntityManagerFactory for persistence unit 'default'
2025-04-08T09:51:33.227+02:00  INFO 11148 --- [           main] com.nnk.springboot.BidTests              : Started BidTests in 5.168 seconds (process running for 10.679)
2025-04-08T09:51:34.048+02:00 DEBUG 11148 --- [           main] org.hibernate.SQL                        : 
    insert 
    into
        bidlist
        (account,ask,askQuantity,benchmark,bid,bidListDate,bidQuantity,book,commentary,creationDate,creationName,dealName,dealType,revisionDate,revisionName,security,side,sourceListId,status,trader,type,BidListId) 
    values
        (?,?,?,?,?,?,?,?,?,?,?,?,?,?,?,?,?,?,?,?,?,default)
Hibernate: 
    insert 
    into
        bidlist
        (account,ask,askQuantity,benchmark,bid,bidListDate,bidQuantity,book,commentary,creationDate,creationName,dealName,dealType,revisionDate,revisionName,security,side,sourceListId,status,trader,type,BidListId) 
    values
        (?,?,?,?,?,?,?,?,?,?,?,?,?,?,?,?,?,?,?,?,?,default)
2025-04-08T09:51:34.200+02:00 DEBUG 11148 --- [           main] org.hibernate.SQL                        : 
    update
        bidlist 
    set
        account=?,
        ask=?,
        askQuantity=?,
        benchmark=?,
        bid=?,
        bidListDate=?,
        bidQuantity=?,
        book=?,
        commentary=?,
        creationDate=?,
        creationName=?,
        dealName=?,
        dealType=?,
        revisionDate=?,
        revisionName=?,
        security=?,
        side=?,
        sourceListId=?,
        status=?,
        trader=?,
        type=? 
    where
        BidListId=?
Hibernate: 
    update
        bidlist 
    set
        account=?,
        ask=?,
        askQuantity=?,
        benchmark=?,
        bid=?,
        bidListDate=?,
        bidQuantity=?,
        book=?,
        commentary=?,
        creationDate=?,
        creationName=?,
        dealName=?,
        dealType=?,
        revisionDate=?,
        revisionName=?,
        security=?,
        side=?,
        sourceListId=?,
        status=?,
        trader=?,
        type=? 
    where
        BidListId=?
2025-04-08T09:51:34.242+02:00 DEBUG 11148 --- [           main] org.hibernate.SQL                        : 
    select
        b1_0.BidListId,
        b1_0.account,
        b1_0.ask,
        b1_0.askQuantity,
        b1_0.benchmark,
        b1_0.bid,
        b1_0.bidListDate,
        b1_0.bidQuantity,
        b1_0.book,
        b1_0.commentary,
        b1_0.creationDate,
        b1_0.creationName,
        b1_0.dealName,
        b1_0.dealType,
        b1_0.revisionDate,
        b1_0.revisionName,
        b1_0.security,
        b1_0.side,
        b1_0.sourceListId,
        b1_0.status,
        b1_0.trader,
        b1_0.type 
    from
        bidlist b1_0
Hibernate: 
    select
        b1_0.BidListId,
        b1_0.account,
        b1_0.ask,
        b1_0.askQuantity,
        b1_0.benchmark,
        b1_0.bid,
        b1_0.bidListDate,
        b1_0.bidQuantity,
        b1_0.book,
        b1_0.commentary,
        b1_0.creationDate,
        b1_0.creationName,
        b1_0.dealName,
        b1_0.dealType,
        b1_0.revisionDate,
        b1_0.revisionName,
        b1_0.security,
        b1_0.side,
        b1_0.sourceListId,
        b1_0.status,
        b1_0.trader,
        b1_0.type 
    from
        bidlist b1_0
]]></system-out>
  </testcase>
  <testcase name="testFindAllBids" classname="com.nnk.springboot.BidTests" time="0.02">
    <system-out><![CDATA[2025-04-08T09:51:34.281+02:00 DEBUG 11148 --- [           main] org.hibernate.SQL                        : 
    insert 
    into
        bidlist
        (account,ask,askQuantity,benchmark,bid,bidListDate,bidQuantity,book,commentary,creationDate,creationName,dealName,dealType,revisionDate,revisionName,security,side,sourceListId,status,trader,type,BidListId) 
    values
        (?,?,?,?,?,?,?,?,?,?,?,?,?,?,?,?,?,?,?,?,?,default)
Hibernate: 
    insert 
    into
        bidlist
        (account,ask,askQuantity,benchmark,bid,bidListDate,bidQuantity,book,commentary,creationDate,creationName,dealName,dealType,revisionDate,revisionName,security,side,sourceListId,status,trader,type,BidListId) 
    values
        (?,?,?,?,?,?,?,?,?,?,?,?,?,?,?,?,?,?,?,?,?,default)
2025-04-08T09:51:34.288+02:00 DEBUG 11148 --- [           main] org.hibernate.SQL                        : 
    select
        b1_0.BidListId,
        b1_0.account,
        b1_0.ask,
        b1_0.askQuantity,
        b1_0.benchmark,
        b1_0.bid,
        b1_0.bidListDate,
        b1_0.bidQuantity,
        b1_0.book,
        b1_0.commentary,
        b1_0.creationDate,
        b1_0.creationName,
        b1_0.dealName,
        b1_0.dealType,
        b1_0.revisionDate,
        b1_0.revisionName,
        b1_0.security,
        b1_0.side,
        b1_0.sourceListId,
        b1_0.status,
        b1_0.trader,
        b1_0.type 
    from
        bidlist b1_0
Hibernate: 
    select
        b1_0.BidListId,
        b1_0.account,
        b1_0.ask,
        b1_0.askQuantity,
        b1_0.benchmark,
        b1_0.bid,
        b1_0.bidListDate,
        b1_0.bidQuantity,
        b1_0.book,
        b1_0.commentary,
        b1_0.creationDate,
        b1_0.creationName,
        b1_0.dealName,
        b1_0.dealType,
        b1_0.revisionDate,
        b1_0.revisionName,
        b1_0.security,
        b1_0.side,
        b1_0.sourceListId,
        b1_0.status,
        b1_0.trader,
        b1_0.type 
    from
        bidlist b1_0
2025-04-08T09:51:34.293+02:00 DEBUG 11148 --- [           main] org.hibernate.SQL                        : 
    select
        b1_0.BidListId,
        b1_0.account,
        b1_0.ask,
        b1_0.askQuantity,
        b1_0.benchmark,
        b1_0.bid,
        b1_0.bidListDate,
        b1_0.bidQuantity,
        b1_0.book,
        b1_0.commentary,
        b1_0.creationDate,
        b1_0.creationName,
        b1_0.dealName,
        b1_0.dealType,
        b1_0.revisionDate,
        b1_0.revisionName,
        b1_0.security,
        b1_0.side,
        b1_0.sourceListId,
        b1_0.status,
        b1_0.trader,
        b1_0.type 
    from
        bidlist b1_0
Hibernate: 
    select
        b1_0.BidListId,
        b1_0.account,
        b1_0.ask,
        b1_0.askQuantity,
        b1_0.benchmark,
        b1_0.bid,
        b1_0.bidListDate,
        b1_0.bidQuantity,
        b1_0.book,
        b1_0.commentary,
        b1_0.creationDate,
        b1_0.creationName,
        b1_0.dealName,
        b1_0.dealType,
        b1_0.revisionDate,
        b1_0.revisionName,
        b1_0.security,
        b1_0.side,
        b1_0.sourceListId,
        b1_0.status,
        b1_0.trader,
        b1_0.type 
    from
        bidlist b1_0
]]></system-out>
  </testcase>
  <testcase name="testDeleteBid" classname="com.nnk.springboot.BidTests" time="0.016">
    <system-out><![CDATA[2025-04-08T09:51:34.301+02:00 DEBUG 11148 --- [           main] org.hibernate.SQL                        : 
    insert 
    into
        bidlist
        (account,ask,askQuantity,benchmark,bid,bidListDate,bidQuantity,book,commentary,creationDate,creationName,dealName,dealType,revisionDate,revisionName,security,side,sourceListId,status,trader,type,BidListId) 
    values
        (?,?,?,?,?,?,?,?,?,?,?,?,?,?,?,?,?,?,?,?,?,default)
Hibernate: 
    insert 
    into
        bidlist
        (account,ask,askQuantity,benchmark,bid,bidListDate,bidQuantity,book,commentary,creationDate,creationName,dealName,dealType,revisionDate,revisionName,security,side,sourceListId,status,trader,type,BidListId) 
    values
        (?,?,?,?,?,?,?,?,?,?,?,?,?,?,?,?,?,?,?,?,?,default)
2025-04-08T09:51:34.310+02:00 DEBUG 11148 --- [           main] org.hibernate.SQL                        : 
    delete 
    from
        bidlist 
    where
        BidListId=?
Hibernate: 
    delete 
    from
        bidlist 
    where
        BidListId=?
2025-04-08T09:51:34.312+02:00 DEBUG 11148 --- [           main] org.hibernate.SQL                        : 
    select
        b1_0.BidListId,
        b1_0.account,
        b1_0.ask,
        b1_0.askQuantity,
        b1_0.benchmark,
        b1_0.bid,
        b1_0.bidListDate,
        b1_0.bidQuantity,
        b1_0.book,
        b1_0.commentary,
        b1_0.creationDate,
        b1_0.creationName,
        b1_0.dealName,
        b1_0.dealType,
        b1_0.revisionDate,
        b1_0.revisionName,
        b1_0.security,
        b1_0.side,
        b1_0.sourceListId,
        b1_0.status,
        b1_0.trader,
        b1_0.type 
    from
        bidlist b1_0
Hibernate: 
    select
        b1_0.BidListId,
        b1_0.account,
        b1_0.ask,
        b1_0.askQuantity,
        b1_0.benchmark,
        b1_0.bid,
        b1_0.bidListDate,
        b1_0.bidQuantity,
        b1_0.book,
        b1_0.commentary,
        b1_0.creationDate,
        b1_0.creationName,
        b1_0.dealName,
        b1_0.dealType,
        b1_0.revisionDate,
        b1_0.revisionName,
        b1_0.security,
        b1_0.side,
        b1_0.sourceListId,
        b1_0.status,
        b1_0.trader,
        b1_0.type 
    from
        bidlist b1_0
]]></system-out>
  </testcase>
  <testcase name="testSaveBid" classname="com.nnk.springboot.BidTests" time="0.013">
    <system-out><![CDATA[2025-04-08T09:51:34.319+02:00 DEBUG 11148 --- [           main] org.hibernate.SQL                        : 
    insert 
    into
        bidlist
        (account,ask,askQuantity,benchmark,bid,bidListDate,bidQuantity,book,commentary,creationDate,creationName,dealName,dealType,revisionDate,revisionName,security,side,sourceListId,status,trader,type,BidListId) 
    values
        (?,?,?,?,?,?,?,?,?,?,?,?,?,?,?,?,?,?,?,?,?,default)
Hibernate: 
    insert 
    into
        bidlist
        (account,ask,askQuantity,benchmark,bid,bidListDate,bidQuantity,book,commentary,creationDate,creationName,dealName,dealType,revisionDate,revisionName,security,side,sourceListId,status,trader,type,BidListId) 
    values
        (?,?,?,?,?,?,?,?,?,?,?,?,?,?,?,?,?,?,?,?,?,default)
2025-04-08T09:51:34.324+02:00 DEBUG 11148 --- [           main] org.hibernate.SQL                        : 
    select
        b1_0.BidListId,
        b1_0.account,
        b1_0.ask,
        b1_0.askQuantity,
        b1_0.benchmark,
        b1_0.bid,
        b1_0.bidListDate,
        b1_0.bidQuantity,
        b1_0.book,
        b1_0.commentary,
        b1_0.creationDate,
        b1_0.creationName,
        b1_0.dealName,
        b1_0.dealType,
        b1_0.revisionDate,
        b1_0.revisionName,
        b1_0.security,
        b1_0.side,
        b1_0.sourceListId,
        b1_0.status,
        b1_0.trader,
        b1_0.type 
    from
        bidlist b1_0
Hibernate: 
    select
        b1_0.BidListId,
        b1_0.account,
        b1_0.ask,
        b1_0.askQuantity,
        b1_0.benchmark,
        b1_0.bid,
        b1_0.bidListDate,
        b1_0.bidQuantity,
        b1_0.book,
        b1_0.commentary,
        b1_0.creationDate,
        b1_0.creationName,
        b1_0.dealName,
        b1_0.dealType,
        b1_0.revisionDate,
        b1_0.revisionName,
        b1_0.security,
        b1_0.side,
        b1_0.sourceListId,
        b1_0.status,
        b1_0.trader,
        b1_0.type 
    from
        bidlist b1_0
]]></system-out>
  </testcase>
</testsuite>